This is pdfTeX, Version 3.14159265-2.6-1.40.17 (MiKTeX 2.9.6100 64-bit) (preloaded format=pdflatex 2016.12.3)  23 AUG 2017 18:51
entering extended mode
**./Memoire.tex
(Memoire.tex
LaTeX2e <2016/03/31> patch level 3
Babel <3.9r> and hyphenation patterns for 75 language(s) loaded.
(C:\Sand\miktex\tex\latex\base\book.cls
Document Class: book 2014/09/29 v1.4h Standard LaTeX document class
(C:\Sand\miktex\tex\latex\base\fleqn.clo
File: fleqn.clo 2015/03/31 v1.1i Standard LaTeX option (flush left equations)
\mathindent=\dimen102
Applying: [2015/01/01] Make \[ robust on input line 50.
LaTeX Info: Redefining \[ on input line 51.
Already applied: [0000/00/00] Make \[ robust on input line 62.
Applying: [2015/01/01] Make \] robust on input line 74.
LaTeX Info: Redefining \] on input line 75.
Already applied: [0000/00/00] Make \] robust on input line 83.
)
(C:\Sand\miktex\tex\latex\base\bk12.clo
File: bk12.clo 2014/09/29 v1.4h Standard LaTeX file (size option)
)
\c@part=\count79
\c@chapter=\count80
\c@section=\count81
\c@subsection=\count82
\c@subsubsection=\count83
\c@paragraph=\count84
\c@subparagraph=\count85
\c@figure=\count86
\c@table=\count87
\abovecaptionskip=\skip41
\belowcaptionskip=\skip42
\bibindent=\dimen103
)
(C:\Sand\miktex\tex\generic\babel\babel.sty
Package: babel 2016/04/23 3.9r The Babel package

*************************************
* Local config file bblopts.cfg used
*
(C:\Sand\miktex\tex\latex\arabi\bblopts.cfg
File: bblopts.cfg 2005/09/08 v0.1 add Arabic and Farsi to "declared" options of
 babel
)
(C:\Sand\miktex\tex\latex\babel-french\frenchb.ldf
Language: frenchb 2016/05/14 v3.2c French support from the babel system

(C:\Sand\miktex\tex\generic\babel\babel.def
File: babel.def 2016/04/23 3.9r Babel common definitions
\babel@savecnt=\count88
\U@D=\dimen104
)
\l@acadian = a dialect from \language\l@french 
\l@canadien = a dialect from \language\l@french 
\FB@nonchar=\count89
\FBcolonskip=\skip43
\FBthinskip=\skip44
Package babel Info: Making : an active character on input line 365.
Package babel Info: Making ; an active character on input line 366.
Package babel Info: Making ! an active character on input line 367.
Package babel Info: Making ? an active character on input line 368.
\FBguillskip=\skip45
\FBguill@level=\count90
\FB@everypar=\toks14
\FB@Mht=\dimen105
\std@mcc=\count91
\dec@mcc=\count92
\listindentFB=\skip46
\labelwidthFB=\skip47
\leftmarginFB=\skip48
\parindentFFN=\dimen106
\FBfnindent=\skip49
))
(C:\Sand\miktex\tex\latex\carlisle\scalefnt.sty)
(C:\Sand\miktex\tex\latex\graphics\keyval.sty
Package: keyval 2014/10/28 v1.15 key=value parser (DPC)
\KV@toks@=\toks15
)
(C:\Sand\miktex\tex\latex\base\inputenc.sty
Package: inputenc 2015/03/17 v1.2c Input encoding file
\inpenc@prehook=\toks16
\inpenc@posthook=\toks17

(C:\Sand\miktex\tex\latex\base\utf8.def
File: utf8.def 2016/02/28 v1.1s UTF-8 support for inputenc
Now handling font encoding OML ...
... no UTF-8 mapping file for font encoding OML
Now handling font encoding T1 ...
... processing UTF-8 mapping file for font encoding T1

(C:\Sand\miktex\tex\latex\base\t1enc.dfu
File: t1enc.dfu 2016/02/28 v1.1s UTF-8 support for inputenc
   defining Unicode char U+00A0 (decimal 160)
   defining Unicode char U+00A1 (decimal 161)
   defining Unicode char U+00A3 (decimal 163)
   defining Unicode char U+00AB (decimal 171)
   defining Unicode char U+00AD (decimal 173)
   defining Unicode char U+00BB (decimal 187)
   defining Unicode char U+00BF (decimal 191)
   defining Unicode char U+00C0 (decimal 192)
   defining Unicode char U+00C1 (decimal 193)
   defining Unicode char U+00C2 (decimal 194)
   defining Unicode char U+00C3 (decimal 195)
   defining Unicode char U+00C4 (decimal 196)
   defining Unicode char U+00C5 (decimal 197)
   defining Unicode char U+00C6 (decimal 198)
   defining Unicode char U+00C7 (decimal 199)
   defining Unicode char U+00C8 (decimal 200)
   defining Unicode char U+00C9 (decimal 201)
   defining Unicode char U+00CA (decimal 202)
   defining Unicode char U+00CB (decimal 203)
   defining Unicode char U+00CC (decimal 204)
   defining Unicode char U+00CD (decimal 205)
   defining Unicode char U+00CE (decimal 206)
   defining Unicode char U+00CF (decimal 207)
   defining Unicode char U+00D0 (decimal 208)
   defining Unicode char U+00D1 (decimal 209)
   defining Unicode char U+00D2 (decimal 210)
   defining Unicode char U+00D3 (decimal 211)
   defining Unicode char U+00D4 (decimal 212)
   defining Unicode char U+00D5 (decimal 213)
   defining Unicode char U+00D6 (decimal 214)
   defining Unicode char U+00D8 (decimal 216)
   defining Unicode char U+00D9 (decimal 217)
   defining Unicode char U+00DA (decimal 218)
   defining Unicode char U+00DB (decimal 219)
   defining Unicode char U+00DC (decimal 220)
   defining Unicode char U+00DD (decimal 221)
   defining Unicode char U+00DE (decimal 222)
   defining Unicode char U+00DF (decimal 223)
   defining Unicode char U+00E0 (decimal 224)
   defining Unicode char U+00E1 (decimal 225)
   defining Unicode char U+00E2 (decimal 226)
   defining Unicode char U+00E3 (decimal 227)
   defining Unicode char U+00E4 (decimal 228)
   defining Unicode char U+00E5 (decimal 229)
   defining Unicode char U+00E6 (decimal 230)
   defining Unicode char U+00E7 (decimal 231)
   defining Unicode char U+00E8 (decimal 232)
   defining Unicode char U+00E9 (decimal 233)
   defining Unicode char U+00EA (decimal 234)
   defining Unicode char U+00EB (decimal 235)
   defining Unicode char U+00EC (decimal 236)
   defining Unicode char U+00ED (decimal 237)
   defining Unicode char U+00EE (decimal 238)
   defining Unicode char U+00EF (decimal 239)
   defining Unicode char U+00F0 (decimal 240)
   defining Unicode char U+00F1 (decimal 241)
   defining Unicode char U+00F2 (decimal 242)
   defining Unicode char U+00F3 (decimal 243)
   defining Unicode char U+00F4 (decimal 244)
   defining Unicode char U+00F5 (decimal 245)
   defining Unicode char U+00F6 (decimal 246)
   defining Unicode char U+00F8 (decimal 248)
   defining Unicode char U+00F9 (decimal 249)
   defining Unicode char U+00FA (decimal 250)
   defining Unicode char U+00FB (decimal 251)
   defining Unicode char U+00FC (decimal 252)
   defining Unicode char U+00FD (decimal 253)
   defining Unicode char U+00FE (decimal 254)
   defining Unicode char U+00FF (decimal 255)
   defining Unicode char U+0100 (decimal 256)
   defining Unicode char U+0101 (decimal 257)
   defining Unicode char U+0102 (decimal 258)
   defining Unicode char U+0103 (decimal 259)
   defining Unicode char U+0104 (decimal 260)
   defining Unicode char U+0105 (decimal 261)
   defining Unicode char U+0106 (decimal 262)
   defining Unicode char U+0107 (decimal 263)
   defining Unicode char U+0108 (decimal 264)
   defining Unicode char U+0109 (decimal 265)
   defining Unicode char U+010A (decimal 266)
   defining Unicode char U+010B (decimal 267)
   defining Unicode char U+010C (decimal 268)
   defining Unicode char U+010D (decimal 269)
   defining Unicode char U+010E (decimal 270)
   defining Unicode char U+010F (decimal 271)
   defining Unicode char U+0110 (decimal 272)
   defining Unicode char U+0111 (decimal 273)
   defining Unicode char U+0112 (decimal 274)
   defining Unicode char U+0113 (decimal 275)
   defining Unicode char U+0114 (decimal 276)
   defining Unicode char U+0115 (decimal 277)
   defining Unicode char U+0116 (decimal 278)
   defining Unicode char U+0117 (decimal 279)
   defining Unicode char U+0118 (decimal 280)
   defining Unicode char U+0119 (decimal 281)
   defining Unicode char U+011A (decimal 282)
   defining Unicode char U+011B (decimal 283)
   defining Unicode char U+011C (decimal 284)
   defining Unicode char U+011D (decimal 285)
   defining Unicode char U+011E (decimal 286)
   defining Unicode char U+011F (decimal 287)
   defining Unicode char U+0120 (decimal 288)
   defining Unicode char U+0121 (decimal 289)
   defining Unicode char U+0122 (decimal 290)
   defining Unicode char U+0123 (decimal 291)
   defining Unicode char U+0124 (decimal 292)
   defining Unicode char U+0125 (decimal 293)
   defining Unicode char U+0128 (decimal 296)
   defining Unicode char U+0129 (decimal 297)
   defining Unicode char U+012A (decimal 298)
   defining Unicode char U+012B (decimal 299)
   defining Unicode char U+012C (decimal 300)
   defining Unicode char U+012D (decimal 301)
   defining Unicode char U+012E (decimal 302)
   defining Unicode char U+012F (decimal 303)
   defining Unicode char U+0130 (decimal 304)
   defining Unicode char U+0131 (decimal 305)
   defining Unicode char U+0132 (decimal 306)
   defining Unicode char U+0133 (decimal 307)
   defining Unicode char U+0134 (decimal 308)
   defining Unicode char U+0135 (decimal 309)
   defining Unicode char U+0136 (decimal 310)
   defining Unicode char U+0137 (decimal 311)
   defining Unicode char U+0139 (decimal 313)
   defining Unicode char U+013A (decimal 314)
   defining Unicode char U+013B (decimal 315)
   defining Unicode char U+013C (decimal 316)
   defining Unicode char U+013D (decimal 317)
   defining Unicode char U+013E (decimal 318)
   defining Unicode char U+0141 (decimal 321)
   defining Unicode char U+0142 (decimal 322)
   defining Unicode char U+0143 (decimal 323)
   defining Unicode char U+0144 (decimal 324)
   defining Unicode char U+0145 (decimal 325)
   defining Unicode char U+0146 (decimal 326)
   defining Unicode char U+0147 (decimal 327)
   defining Unicode char U+0148 (decimal 328)
   defining Unicode char U+014A (decimal 330)
   defining Unicode char U+014B (decimal 331)
   defining Unicode char U+014C (decimal 332)
   defining Unicode char U+014D (decimal 333)
   defining Unicode char U+014E (decimal 334)
   defining Unicode char U+014F (decimal 335)
   defining Unicode char U+0150 (decimal 336)
   defining Unicode char U+0151 (decimal 337)
   defining Unicode char U+0152 (decimal 338)
   defining Unicode char U+0153 (decimal 339)
   defining Unicode char U+0154 (decimal 340)
   defining Unicode char U+0155 (decimal 341)
   defining Unicode char U+0156 (decimal 342)
   defining Unicode char U+0157 (decimal 343)
   defining Unicode char U+0158 (decimal 344)
   defining Unicode char U+0159 (decimal 345)
   defining Unicode char U+015A (decimal 346)
   defining Unicode char U+015B (decimal 347)
   defining Unicode char U+015C (decimal 348)
   defining Unicode char U+015D (decimal 349)
   defining Unicode char U+015E (decimal 350)
   defining Unicode char U+015F (decimal 351)
   defining Unicode char U+0160 (decimal 352)
   defining Unicode char U+0161 (decimal 353)
   defining Unicode char U+0162 (decimal 354)
   defining Unicode char U+0163 (decimal 355)
   defining Unicode char U+0164 (decimal 356)
   defining Unicode char U+0165 (decimal 357)
   defining Unicode char U+0168 (decimal 360)
   defining Unicode char U+0169 (decimal 361)
   defining Unicode char U+016A (decimal 362)
   defining Unicode char U+016B (decimal 363)
   defining Unicode char U+016C (decimal 364)
   defining Unicode char U+016D (decimal 365)
   defining Unicode char U+016E (decimal 366)
   defining Unicode char U+016F (decimal 367)
   defining Unicode char U+0170 (decimal 368)
   defining Unicode char U+0171 (decimal 369)
   defining Unicode char U+0172 (decimal 370)
   defining Unicode char U+0173 (decimal 371)
   defining Unicode char U+0174 (decimal 372)
   defining Unicode char U+0175 (decimal 373)
   defining Unicode char U+0176 (decimal 374)
   defining Unicode char U+0177 (decimal 375)
   defining Unicode char U+0178 (decimal 376)
   defining Unicode char U+0179 (decimal 377)
   defining Unicode char U+017A (decimal 378)
   defining Unicode char U+017B (decimal 379)
   defining Unicode char U+017C (decimal 380)
   defining Unicode char U+017D (decimal 381)
   defining Unicode char U+017E (decimal 382)
   defining Unicode char U+01CD (decimal 461)
   defining Unicode char U+01CE (decimal 462)
   defining Unicode char U+01CF (decimal 463)
   defining Unicode char U+01D0 (decimal 464)
   defining Unicode char U+01D1 (decimal 465)
   defining Unicode char U+01D2 (decimal 466)
   defining Unicode char U+01D3 (decimal 467)
   defining Unicode char U+01D4 (decimal 468)
   defining Unicode char U+01E2 (decimal 482)
   defining Unicode char U+01E3 (decimal 483)
   defining Unicode char U+01E6 (decimal 486)
   defining Unicode char U+01E7 (decimal 487)
   defining Unicode char U+01E8 (decimal 488)
   defining Unicode char U+01E9 (decimal 489)
   defining Unicode char U+01EA (decimal 490)
   defining Unicode char U+01EB (decimal 491)
   defining Unicode char U+01F0 (decimal 496)
   defining Unicode char U+01F4 (decimal 500)
   defining Unicode char U+01F5 (decimal 501)
   defining Unicode char U+0218 (decimal 536)
   defining Unicode char U+0219 (decimal 537)
   defining Unicode char U+021A (decimal 538)
   defining Unicode char U+021B (decimal 539)
   defining Unicode char U+1E02 (decimal 7682)
   defining Unicode char U+1E03 (decimal 7683)
   defining Unicode char U+200C (decimal 8204)
   defining Unicode char U+2010 (decimal 8208)
   defining Unicode char U+2011 (decimal 8209)
   defining Unicode char U+2012 (decimal 8210)
   defining Unicode char U+2013 (decimal 8211)
   defining Unicode char U+2014 (decimal 8212)
   defining Unicode char U+2015 (decimal 8213)
   defining Unicode char U+2018 (decimal 8216)
   defining Unicode char U+2019 (decimal 8217)
   defining Unicode char U+201A (decimal 8218)
   defining Unicode char U+201C (decimal 8220)
   defining Unicode char U+201D (decimal 8221)
   defining Unicode char U+201E (decimal 8222)
   defining Unicode char U+2030 (decimal 8240)
   defining Unicode char U+2031 (decimal 8241)
   defining Unicode char U+2039 (decimal 8249)
   defining Unicode char U+203A (decimal 8250)
   defining Unicode char U+2423 (decimal 9251)
)
Now handling font encoding OT1 ...
... processing UTF-8 mapping file for font encoding OT1

(C:\Sand\miktex\tex\latex\base\ot1enc.dfu
File: ot1enc.dfu 2016/02/28 v1.1s UTF-8 support for inputenc
   defining Unicode char U+00A0 (decimal 160)
   defining Unicode char U+00A1 (decimal 161)
   defining Unicode char U+00A3 (decimal 163)
   defining Unicode char U+00AD (decimal 173)
   defining Unicode char U+00B8 (decimal 184)
   defining Unicode char U+00BF (decimal 191)
   defining Unicode char U+00C5 (decimal 197)
   defining Unicode char U+00C6 (decimal 198)
   defining Unicode char U+00D8 (decimal 216)
   defining Unicode char U+00DF (decimal 223)
   defining Unicode char U+00E6 (decimal 230)
   defining Unicode char U+00EC (decimal 236)
   defining Unicode char U+00ED (decimal 237)
   defining Unicode char U+00EE (decimal 238)
   defining Unicode char U+00EF (decimal 239)
   defining Unicode char U+00F8 (decimal 248)
   defining Unicode char U+0131 (decimal 305)
   defining Unicode char U+0141 (decimal 321)
   defining Unicode char U+0142 (decimal 322)
   defining Unicode char U+0152 (decimal 338)
   defining Unicode char U+0153 (decimal 339)
   defining Unicode char U+0174 (decimal 372)
   defining Unicode char U+0175 (decimal 373)
   defining Unicode char U+0176 (decimal 374)
   defining Unicode char U+0177 (decimal 375)
   defining Unicode char U+0218 (decimal 536)
   defining Unicode char U+0219 (decimal 537)
   defining Unicode char U+021A (decimal 538)
   defining Unicode char U+021B (decimal 539)
   defining Unicode char U+2013 (decimal 8211)
   defining Unicode char U+2014 (decimal 8212)
   defining Unicode char U+2018 (decimal 8216)
   defining Unicode char U+2019 (decimal 8217)
   defining Unicode char U+201C (decimal 8220)
   defining Unicode char U+201D (decimal 8221)
)
Now handling font encoding OMS ...
... processing UTF-8 mapping file for font encoding OMS

(C:\Sand\miktex\tex\latex\base\omsenc.dfu
File: omsenc.dfu 2016/02/28 v1.1s UTF-8 support for inputenc
   defining Unicode char U+00A7 (decimal 167)
   defining Unicode char U+00B6 (decimal 182)
   defining Unicode char U+00B7 (decimal 183)
   defining Unicode char U+2020 (decimal 8224)
   defining Unicode char U+2021 (decimal 8225)
   defining Unicode char U+2022 (decimal 8226)
)
Now handling font encoding OMX ...
... no UTF-8 mapping file for font encoding OMX
Now handling font encoding U ...
... no UTF-8 mapping file for font encoding U
   defining Unicode char U+00A9 (decimal 169)
   defining Unicode char U+00AA (decimal 170)
   defining Unicode char U+00AE (decimal 174)
   defining Unicode char U+00BA (decimal 186)
   defining Unicode char U+02C6 (decimal 710)
   defining Unicode char U+02DC (decimal 732)
   defining Unicode char U+200C (decimal 8204)
   defining Unicode char U+2026 (decimal 8230)
   defining Unicode char U+2122 (decimal 8482)
   defining Unicode char U+2423 (decimal 9251)
))
(C:\Sand\miktex\tex\latex\base\fontenc.sty
Package: fontenc 2016/06/19 v1.99m Standard LaTeX package

(C:\Sand\miktex\tex\latex\base\t1enc.def
File: t1enc.def 2016/06/19 v1.99m Standard LaTeX file
LaTeX Font Info:    Redeclaring font encoding T1 on input line 48.
))
(C:\Sand\miktex\tex\latex\lm\lmodern.sty
Package: lmodern 2009/10/30 v1.6 Latin Modern Fonts
LaTeX Font Info:    Overwriting symbol font `operators' in version `normal'
(Font)                  OT1/cmr/m/n --> OT1/lmr/m/n on input line 22.
LaTeX Font Info:    Overwriting symbol font `letters' in version `normal'
(Font)                  OML/cmm/m/it --> OML/lmm/m/it on input line 23.
LaTeX Font Info:    Overwriting symbol font `symbols' in version `normal'
(Font)                  OMS/cmsy/m/n --> OMS/lmsy/m/n on input line 24.
LaTeX Font Info:    Overwriting symbol font `largesymbols' in version `normal'
(Font)                  OMX/cmex/m/n --> OMX/lmex/m/n on input line 25.
LaTeX Font Info:    Overwriting symbol font `operators' in version `bold'
(Font)                  OT1/cmr/bx/n --> OT1/lmr/bx/n on input line 26.
LaTeX Font Info:    Overwriting symbol font `letters' in version `bold'
(Font)                  OML/cmm/b/it --> OML/lmm/b/it on input line 27.
LaTeX Font Info:    Overwriting symbol font `symbols' in version `bold'
(Font)                  OMS/cmsy/b/n --> OMS/lmsy/b/n on input line 28.
LaTeX Font Info:    Overwriting symbol font `largesymbols' in version `bold'
(Font)                  OMX/cmex/m/n --> OMX/lmex/m/n on input line 29.
LaTeX Font Info:    Overwriting math alphabet `\mathbf' in version `normal'
(Font)                  OT1/cmr/bx/n --> OT1/lmr/bx/n on input line 31.
LaTeX Font Info:    Overwriting math alphabet `\mathsf' in version `normal'
(Font)                  OT1/cmss/m/n --> OT1/lmss/m/n on input line 32.
LaTeX Font Info:    Overwriting math alphabet `\mathit' in version `normal'
(Font)                  OT1/cmr/m/it --> OT1/lmr/m/it on input line 33.
LaTeX Font Info:    Overwriting math alphabet `\mathtt' in version `normal'
(Font)                  OT1/cmtt/m/n --> OT1/lmtt/m/n on input line 34.
LaTeX Font Info:    Overwriting math alphabet `\mathbf' in version `bold'
(Font)                  OT1/cmr/bx/n --> OT1/lmr/bx/n on input line 35.
LaTeX Font Info:    Overwriting math alphabet `\mathsf' in version `bold'
(Font)                  OT1/cmss/bx/n --> OT1/lmss/bx/n on input line 36.
LaTeX Font Info:    Overwriting math alphabet `\mathit' in version `bold'
(Font)                  OT1/cmr/bx/it --> OT1/lmr/bx/it on input line 37.
LaTeX Font Info:    Overwriting math alphabet `\mathtt' in version `bold'
(Font)                  OT1/cmtt/m/n --> OT1/lmtt/m/n on input line 38.
)
(C:\Sand\miktex\tex\latex\ulem\ulem.sty
\UL@box=\box26
\UL@hyphenbox=\box27
\UL@skip=\skip50
\UL@hook=\toks18
\UL@height=\dimen107
\UL@pe=\count93
\UL@pixel=\dimen108
\ULC@box=\box28
Package: ulem 2012/05/18
\ULdepth=\dimen109
)
(C:\Sand\miktex\tex\latex\xcolor\xcolor.sty
Package: xcolor 2016/05/11 v2.12 LaTeX color extensions (UK)

(C:\Sand\miktex\tex\latex\graphics-cfg\color.cfg
File: color.cfg 2016/01/02 v1.6 sample color configuration
)
Package xcolor Info: Package option `usenames' ignored on input line 216.
Package xcolor Info: Driver file: pdftex.def on input line 225.

(C:\Sand\miktex\tex\latex\graphics-def\pdftex.def
File: pdftex.def 2016/07/10 v0.06j Graphics/color for pdfTeX

(C:\Sand\miktex\tex\generic\oberdiek\infwarerr.sty
Package: infwarerr 2016/05/16 v1.4 Providing info/warning/error messages (HO)
)
(C:\Sand\miktex\tex\generic\oberdiek\ltxcmds.sty
Package: ltxcmds 2016/05/16 v1.23 LaTeX kernel commands for general use (HO)
)
\Gread@gobject=\count94
)
(C:\Sand\miktex\tex\latex\colortbl\colortbl.sty
Package: colortbl 2012/02/13 v1.0a Color table columns (DPC)

(C:\Sand\miktex\tex\latex\tools\array.sty
Package: array 2014/10/28 v2.4c Tabular extension package (FMi)
\col@sep=\dimen110
\extrarowheight=\dimen111
\NC@list=\toks19
\extratabsurround=\skip51
\backup@length=\skip52
)
\everycr=\toks20
\minrowclearance=\skip53
)
\rownum=\count95
Package xcolor Info: Model `cmy' substituted by `cmy0' on input line 1348.
Package xcolor Info: Model `hsb' substituted by `rgb' on input line 1352.
Package xcolor Info: Model `RGB' extended on input line 1364.
Package xcolor Info: Model `HTML' substituted by `rgb' on input line 1366.
Package xcolor Info: Model `Hsb' substituted by `hsb' on input line 1367.
Package xcolor Info: Model `tHsb' substituted by `hsb' on input line 1368.
Package xcolor Info: Model `HSB' substituted by `hsb' on input line 1369.
Package xcolor Info: Model `Gray' substituted by `gray' on input line 1370.
Package xcolor Info: Model `wave' substituted by `hsb' on input line 1371.

(C:\Sand\miktex\tex\latex\graphics\dvipsnam.def
File: dvipsnam.def 2016/06/17 v3.0m Driver-dependent file (DPC,SPQR)
)
(C:\Sand\miktex\tex\latex\xcolor\svgnam.def
File: svgnam.def 2016/05/11 v2.12 Predefined colors according to SVG 1.1 (UK)
))
(C:\Sand\miktex\tex\latex\csquotes\csquotes.sty
Package: csquotes 2016/07/14 v5.1h context-sensitive quotations (JAW)

(C:\Sand\miktex\tex\latex\etoolbox\etoolbox.sty
Package: etoolbox 2015/08/02 v2.2a e-TeX tools for LaTeX (JAW)
\etb@tempcnta=\count96
)
\csq@reset=\count97
\csq@gtype=\count98
\csq@glevel=\count99
\csq@qlevel=\count100
\csq@maxlvl=\count101
\csq@tshold=\count102
\csq@ltx@everypar=\toks21

(C:\Sand\miktex\tex\latex\csquotes\csquotes.def
File: csquotes.def 2016/07/14 v5.1h csquotes generic definitions (JAW)
)
Package csquotes Info: Trying to load configuration file 'csquotes.cfg'...
Package csquotes Info: ... configuration file loaded successfully.

(C:\Sand\miktex\tex\latex\csquotes\csquotes.cfg
File: csquotes.cfg 
))
(C:\Sand\miktex\tex\latex\amsfonts\amssymb.sty
Package: amssymb 2013/01/14 v3.01 AMS font symbols

(C:\Sand\miktex\tex\latex\amsfonts\amsfonts.sty
Package: amsfonts 2013/01/14 v3.01 Basic AMSFonts support
\@emptytoks=\toks22
\symAMSa=\mathgroup4
\symAMSb=\mathgroup5
LaTeX Font Info:    Overwriting math alphabet `\mathfrak' in version `bold'
(Font)                  U/euf/m/n --> U/euf/b/n on input line 106.
))
(C:\Sand\miktex\tex\latex\listings\listings.sty
\lst@mode=\count103
\lst@gtempboxa=\box29
\lst@token=\toks23
\lst@length=\count104
\lst@currlwidth=\dimen112
\lst@column=\count105
\lst@pos=\count106
\lst@lostspace=\dimen113
\lst@width=\dimen114
\lst@newlines=\count107
\lst@lineno=\count108
\lst@maxwidth=\dimen115

(C:\Sand\miktex\tex\latex\listings\lstmisc.sty
File: lstmisc.sty 2015/06/04 1.6 (Carsten Heinz)
\c@lstnumber=\count109
\lst@skipnumbers=\count110
\lst@framebox=\box30
)
(C:\Sand\miktex\tex\latex\listings\listings.cfg
File: listings.cfg 2015/06/04 1.6 listings configuration
))
Package: listings 2015/06/04 1.6 (Carsten Heinz)

(C:\Sand\miktex\tex\latex\oberdiek\listingsutf8.sty
Package: listingsutf8 2016/05/16 v1.3 Allow UTF-8 in listings input (HO)

(C:\Sand\miktex\tex\generic\oberdiek\pdftexcmds.sty
Package: pdftexcmds 2016/05/21 v0.22 Utility functions of pdfTeX for LuaTeX (HO
)

(C:\Sand\miktex\tex\generic\oberdiek\ifluatex.sty
Package: ifluatex 2016/05/16 v1.4 Provides the ifluatex switch (HO)
Package ifluatex Info: LuaTeX not detected.
)
(C:\Sand\miktex\tex\generic\oberdiek\ifpdf.sty
Package: ifpdf 2016/05/14 v3.1 Provides the ifpdf switch
)
Package pdftexcmds Info: LuaTeX not detected.
Package pdftexcmds Info: \pdf@primitive is available.
Package pdftexcmds Info: \pdf@ifprimitive is available.
Package pdftexcmds Info: \pdfdraftmode found.
)
(C:\Sand\miktex\tex\generic\oberdiek\stringenc.sty
Package: stringenc 2016/05/16 v1.11 Convert strings between diff. encodings (HO
)

(C:\Sand\miktex\tex\generic\oberdiek\pdfescape.sty
Package: pdfescape 2016/05/16 v1.14 Implements pdfTeX's escape features (HO)
)))
(C:\Sand\miktex\tex\latex\amsmath\amsmath.sty
Package: amsmath 2016/06/28 v2.15d AMS math features
\@mathmargin=\skip54

For additional information on amsmath, use the `?' option.
(C:\Sand\miktex\tex\latex\amsmath\amstext.sty
Package: amstext 2000/06/29 v2.01 AMS text

(C:\Sand\miktex\tex\latex\amsmath\amsgen.sty
File: amsgen.sty 1999/11/30 v2.0 generic functions
\@emptytoks=\toks24
\ex@=\dimen116
))
(C:\Sand\miktex\tex\latex\amsmath\amsbsy.sty
Package: amsbsy 1999/11/29 v1.2d Bold Symbols
\pmbraise@=\dimen117
)
(C:\Sand\miktex\tex\latex\amsmath\amsopn.sty
Package: amsopn 2016/03/08 v2.02 operator names
)
\inf@bad=\count111
LaTeX Info: Redefining \frac on input line 199.
\uproot@=\count112
\leftroot@=\count113
LaTeX Info: Redefining \overline on input line 297.
\classnum@=\count114
\DOTSCASE@=\count115
LaTeX Info: Redefining \ldots on input line 394.
LaTeX Info: Redefining \dots on input line 397.
LaTeX Info: Redefining \cdots on input line 518.
\Mathstrutbox@=\box31
\strutbox@=\box32
\big@size=\dimen118
LaTeX Font Info:    Redeclaring font encoding OML on input line 634.
LaTeX Font Info:    Redeclaring font encoding OMS on input line 635.
\macc@depth=\count116
\c@MaxMatrixCols=\count117
\dotsspace@=\muskip10
\c@parentequation=\count118
\dspbrk@lvl=\count119
\tag@help=\toks25
\row@=\count120
\column@=\count121
\maxfields@=\count122
\andhelp@=\toks26
\eqnshift@=\dimen119
\alignsep@=\dimen120
\tagshift@=\dimen121
\tagwidth@=\dimen122
\totwidth@=\dimen123
\lineht@=\dimen124
\@envbody=\toks27
\multlinegap=\skip55
\multlinetaggap=\skip56
\mathdisplay@stack=\toks28
LaTeX Info: Redefining \[ on input line 2739.
LaTeX Info: Redefining \] on input line 2740.
)
(C:\Sand\miktex\tex\latex\listings\lstlang1.sty
File: lstlang1.sty 2015/06/04 1.6 listings language file
)
(C:\Sand\miktex\tex\latex\enumitem\enumitem.sty
Package: enumitem 2011/09/28 v3.5.2 Customized lists
\labelindent=\skip57
\enit@outerparindent=\dimen125
\enit@toks=\toks29
\enit@inbox=\box33
\enitdp@description=\count123
)
(C:\Sand\miktex\tex\latex\caption\caption.sty
Package: caption 2016/02/21 v3.3-144 Customizing captions (AR)

(C:\Sand\miktex\tex\latex\caption\caption3.sty
Package: caption3 2016/05/22 v1.7-166 caption3 kernel (AR)
Package caption3 Info: TeX engine: e-TeX on input line 67.
\captionmargin=\dimen126
\captionmargin@=\dimen127
\captionwidth=\dimen128
\caption@tempdima=\dimen129
\caption@indent=\dimen130
\caption@parindent=\dimen131
\caption@hangindent=\dimen132
)
\c@ContinuedFloat=\count124
Package caption Info: listings package is loaded.
)
(C:\Sand\miktex\tex\latex\subfig\subfig.sty
Package: subfig 2005/06/28 ver: 1.3 subfig package
\c@KVtest=\count125
\sf@farskip=\skip58
\sf@captopadj=\dimen133
\sf@capskip=\skip59
\sf@nearskip=\skip60
\c@subfigure=\count126
\c@subfigure@save=\count127
\c@lofdepth=\count128
\c@subtable=\count129
\c@subtable@save=\count130
\c@lotdepth=\count131
\sf@top=\skip61
\sf@bottom=\skip62
)
(C:\Sand\miktex\tex\latex\tools\longtable.sty
Package: longtable 2014/10/28 v4.11 Multi-page Table package (DPC)
\LTleft=\skip63
\LTright=\skip64
\LTpre=\skip65
\LTpost=\skip66
\LTchunksize=\count132
\LTcapwidth=\dimen134
\LT@head=\box34
\LT@firsthead=\box35
\LT@foot=\box36
\LT@lastfoot=\box37
\LT@cols=\count133
\LT@rows=\count134
\c@LT@tables=\count135
\c@LT@chunks=\count136
\LT@p@ftn=\toks30
)
(C:\Sand\miktex\tex\latex\tools\multicol.sty
Package: multicol 2016/04/07 v1.8p multicolumn formatting (FMi)
\c@tracingmulticols=\count137
\mult@box=\box38
\multicol@leftmargin=\dimen135
\c@unbalance=\count138
\c@collectmore=\count139
\doublecol@number=\count140
\multicoltolerance=\count141
\multicolpretolerance=\count142
\full@width=\dimen136
\page@free=\dimen137
\premulticols=\dimen138
\postmulticols=\dimen139
\multicolsep=\skip67
\multicolbaselineskip=\skip68
\partial@page=\box39
\last@line=\box40
\maxbalancingoverflow=\dimen140
\mult@rightbox=\box41
\mult@grightbox=\box42
\mult@gfirstbox=\box43
\mult@firstbox=\box44
\@tempa=\box45
\@tempa=\box46
\@tempa=\box47
\@tempa=\box48
\@tempa=\box49
\@tempa=\box50
\@tempa=\box51
\@tempa=\box52
\@tempa=\box53
\@tempa=\box54
\@tempa=\box55
\@tempa=\box56
\@tempa=\box57
\@tempa=\box58
\@tempa=\box59
\@tempa=\box60
\@tempa=\box61
\c@columnbadness=\count143
\c@finalcolumnbadness=\count144
\last@try=\dimen141
\multicolovershoot=\dimen142
\multicolundershoot=\dimen143
\mult@nat@firstbox=\box62
\colbreak@box=\box63
\mc@col@check@num=\count145
)
(C:\Sand\miktex\tex\latex\multirow\multirow.sty
Package: multirow 2016/10/11 v2.1 Span multiple rows of a table
\multirow@colwidth=\skip69
\multirow@cnta=\count146
\multirow@cntb=\count147
\multirow@dima=\skip70
\bigstrutjot=\dimen144
)
(C:\Sand\miktex\tex\latex\slashbox\slashbox.sty
slashbox style by K.Yasuoka, May 1993.
\@slashboxa=\box64
\@slashboxb=\box65
\@slashboxc=\box66
\@slashboxwd=\count148
\@slashboxht=\count149
\@slashsepl=\dimen145
\@slashsepr=\dimen146
) (C:\Sand\miktex\tex\latex\graphics\graphicx.sty
Package: graphicx 2014/10/28 v1.0g Enhanced LaTeX Graphics (DPC,SPQR)

(C:\Sand\miktex\tex\latex\graphics\graphics.sty
Package: graphics 2016/07/10 v1.0t Standard LaTeX Graphics (DPC,SPQR)

(C:\Sand\miktex\tex\latex\graphics\trig.sty
Package: trig 2016/01/03 v1.10 sin cos tan (DPC)
)
(C:\Sand\miktex\tex\latex\graphics-cfg\graphics.cfg
File: graphics.cfg 2016/06/04 v1.11 sample graphics configuration
)
Package graphics Info: Driver file: pdftex.def on input line 99.
)
\Gin@req@height=\dimen147
\Gin@req@width=\dimen148
)
(C:\Sand\miktex\tex\latex\graphics\rotating.sty
Package: rotating 2016/05/22 v2.16c rotated objects in LaTeX

(C:\Sand\miktex\tex\latex\base\ifthen.sty
Package: ifthen 2014/09/29 v1.1c Standard LaTeX ifthen package (DPC)
)
\c@r@tfl@t=\count150
\rotFPtop=\skip71
\rotFPbot=\skip72
\rot@float@box=\box67
\rot@mess@toks=\toks31
)
(C:\Sand\miktex\tex\latex\oberdiek\epstopdf.sty
Package: epstopdf 2016/05/15 v2.6 Conversion with epstopdf on the fly (HO)

(C:\Sand\miktex\tex\latex\oberdiek\epstopdf-base.sty
Package: epstopdf-base 2016/05/15 v2.6 Base part for package epstopdf

(C:\Sand\miktex\tex\latex\oberdiek\grfext.sty
Package: grfext 2016/05/16 v1.2 Manage graphics extensions (HO)

(C:\Sand\miktex\tex\generic\oberdiek\kvdefinekeys.sty
Package: kvdefinekeys 2016/05/16 v1.4 Define keys (HO)
))
(C:\Sand\miktex\tex\latex\oberdiek\kvoptions.sty
Package: kvoptions 2016/05/16 v3.12 Key value format for package options (HO)

(C:\Sand\miktex\tex\generic\oberdiek\kvsetkeys.sty
Package: kvsetkeys 2016/05/16 v1.17 Key value parser (HO)

(C:\Sand\miktex\tex\generic\oberdiek\etexcmds.sty
Package: etexcmds 2016/05/16 v1.6 Avoid name clashes with e-TeX commands (HO)
Package etexcmds Info: Could not find \expanded.
(etexcmds)             That can mean that you are not using pdfTeX 1.50 or
(etexcmds)             that some package has redefined \expanded.
(etexcmds)             In the latter case, load this package earlier.
)))
Package epstopdf-base Info: Redefining graphics rule for `.eps' on input line 4
38.
Package grfext Info: Graphics extension search list:
(grfext)             [.png,.pdf,.jpg,.mps,.jpeg,.jbig2,.jb2,.PNG,.PDF,.JPG,.JPE
G,.JBIG2,.JB2,.eps]
(grfext)             \AppendGraphicsExtensions on input line 456.
))
(C:\Sand\miktex\tex\latex\wrapfig\wrapfig.sty
\wrapoverhang=\dimen149
\WF@size=\dimen150
\c@WF@wrappedlines=\count151
\WF@box=\box68
\WF@everypar=\toks32
Package: wrapfig 2003/01/31  v 3.6
)
(C:\Sand\miktex\tex\latex\fancybox\fancybox.sty
Package: fancybox 2010/05/15 1.4

Style option: `fancybox' v1.4 <2010/05/15> (tvz)
\@fancybox=\box69
\shadowsize=\dimen151
\@Sbox=\box70
\do@VerbBox=\toks33
\the@fancyput=\toks34
\this@fancyput=\toks35
\EndVerbatimTokens=\toks36
\Verbatim@Outfile=\write3
\Verbatim@Infile=\read1
) (C:\Sand\miktex\tex\latex\fncychap\fncychap.sty
Package: fncychap 2007/07/30 v1.34 LaTeX package (Revised chapters)
\RW=\skip73
\mylen=\skip74
\myhi=\skip75
\px=\skip76
\py=\skip77
\pyy=\skip78
\pxx=\skip79
)
(C:\Sand\miktex\tex\latex\csvsimple\csvsimple.sty
Package: csvsimple 2016/07/01 version 1.20 LaTeX CSV file processing

(C:\Sand\miktex\tex\latex\pgf\utilities\pgfkeys.sty
(C:\Sand\miktex\tex\generic\pgf\utilities\pgfkeys.code.tex
\pgfkeys@pathtoks=\toks37
\pgfkeys@temptoks=\toks38

(C:\Sand\miktex\tex\generic\pgf\utilities\pgfkeysfiltered.code.tex
\pgfkeys@tmptoks=\toks39
)))
(C:\Sand\miktex\tex\latex\tools\shellesc.sty
Package: shellesc 2016/06/07 v0.02a unified shell escape interface for LaTeX
Package shellesc Info: Restricted shell escape enabled on input line 69.
)
\csv@file=\read2
\c@csvinputline=\count152
\c@csvrow=\count153
\c@csvcol=\count154
\csv@out=\write4
)
(C:\Sand\miktex\tex\latex\graphics\lscape.sty
Package: lscape 2000/10/22 v3.01 Landscape Pages (DPC)
)
(C:\Sand\miktex\tex\latex\setspace\setspace.sty
Package: setspace 2011/12/19 v6.7a set line spacing
)
(C:\Sand\miktex\tex\latex\tools\verbatim.sty
Package: verbatim 2014/10/28 v1.5q LaTeX2e package for verbatim enhancements
\every@verbatim=\toks40
\verbatim@line=\toks41
\verbatim@in@stream=\read3
)
(C:\Sand\miktex\tex\latex\url\url.sty
\Urlmuskip=\muskip11
Package: url 2013/09/16  ver 3.4  Verb mode for urls, etc.
)
(C:\Sand\miktex\tex\latex\geometry\geometry.sty
Package: geometry 2010/09/12 v5.6 Page Geometry

(C:\Sand\miktex\tex\generic\oberdiek\ifvtex.sty
Package: ifvtex 2016/05/16 v1.6 Detect VTeX and its facilities (HO)
Package ifvtex Info: VTeX not detected.
)
(C:\Sand\miktex\tex\generic\ifxetex\ifxetex.sty
Package: ifxetex 2010/09/12 v0.6 Provides ifxetex conditional
)
\Gm@cnth=\count155
\Gm@cntv=\count156
\c@Gm@tempcnt=\count157
\Gm@bindingoffset=\dimen152
\Gm@wd@mp=\dimen153
\Gm@odd@mp=\dimen154
\Gm@even@mp=\dimen155
\Gm@layoutwidth=\dimen156
\Gm@layoutheight=\dimen157
\Gm@layouthoffset=\dimen158
\Gm@layoutvoffset=\dimen159
\Gm@dimlist=\toks42

(C:\Sand\miktex\tex\latex\geometry\geometry.cfg))
   defining Unicode char U+00A0 (decimal 160)

(C:\Sand\miktex\tex\latex\ltxmisc\parskip.sty
Package: parskip 2001/04/09 non-zero parskip adjustments
)
(C:\Sand\miktex\tex\latex\titlesec\titlesec.sty
Package: titlesec 2016/03/21 v2.10.2 Sectioning titles
\ttl@box=\box71
\beforetitleunit=\skip80
\aftertitleunit=\skip81
\ttl@plus=\dimen160
\ttl@minus=\dimen161
\ttl@toksa=\toks43
\titlewidth=\dimen162
\titlewidthlast=\dimen163
\titlewidthfirst=\dimen164
)
Package csquotes Info: Checking for multilingual support...
Package csquotes Info: ... found 'babel' package.
Package csquotes Info: Adjusting default style.
Package csquotes Info: Redefining alias 'default' -> 'french'.
 (Memoire.aux)
\openout1 = `Memoire.aux'.

LaTeX Font Info:    Checking defaults for OML/cmm/m/it on input line 170.
LaTeX Font Info:    ... okay on input line 170.
LaTeX Font Info:    Checking defaults for T1/cmr/m/n on input line 170.
LaTeX Font Info:    ... okay on input line 170.
LaTeX Font Info:    Checking defaults for OT1/cmr/m/n on input line 170.
LaTeX Font Info:    ... okay on input line 170.
LaTeX Font Info:    Checking defaults for OMS/cmsy/m/n on input line 170.
LaTeX Font Info:    ... okay on input line 170.
LaTeX Font Info:    Checking defaults for OMX/cmex/m/n on input line 170.
LaTeX Font Info:    ... okay on input line 170.
LaTeX Font Info:    Checking defaults for U/cmr/m/n on input line 170.
LaTeX Font Info:    ... okay on input line 170.
LaTeX Font Info:    Try loading font information for T1+lmr on input line 170.

(C:\Sand\miktex\tex\latex\lm\t1lmr.fd
File: t1lmr.fd 2009/10/30 v1.6 Font defs for Latin Modern
)
LaTeX Info: Redefining \degres on input line 170.
LaTeX Info: Redefining \dots on input line 170.
Package frenchb.ldf Info: Setting StandardItemizeEnv=true for
(frenchb.ldf)             compatibility with enumitem package,
(frenchb.ldf)              on input line 170.
Package frenchb.ldf Info: Setting StandardEnumerateEnv=true for
(frenchb.ldf)             compatibility with enumitem package,
(frenchb.ldf)              on input line 170.
LaTeX Info: Redefining \up on input line 170.

(C:\Sand\miktex\tex\context\base\supp-pdf.mkii
[Loading MPS to PDF converter (version 2006.09.02).]
\scratchcounter=\count158
\scratchdimen=\dimen165
\scratchbox=\box72
\nofMPsegments=\count159
\nofMParguments=\count160
\everyMPshowfont=\toks44
\MPscratchCnt=\count161
\MPscratchDim=\dimen166
\MPnumerator=\count162
\makeMPintoPDFobject=\count163
\everyMPtoPDFconversion=\toks45
)
\c@lstlisting=\count164
Package caption Info: Begin \AtBeginDocument code.
Package caption Info: subfig package v1.3 is loaded.
Package caption Info: longtable package is loaded.
 (C:\Sand\miktex\tex\latex\caption\ltcaption.sty
Package: ltcaption 2013/06/09 v1.4-94 longtable captions (AR)
)
Package caption Info: rotating package is loaded.
Package caption Info: wrapfig package is loaded.
Package caption Info: End \AtBeginDocument code.

*geometry* driver: auto-detecting
*geometry* detected driver: pdftex
*geometry* verbose mode - [ preamble ] result:
* driver: pdftex
* paper: a4paper
* layout: <same size as paper>
* layoutoffset:(h,v)=(0.0pt,0.0pt)
* modes: 
* h-part:(L,W,R)=(56.9055pt, 483.69687pt, 56.9055pt)
* v-part:(T,H,B)=(56.9055pt, 731.23584pt, 56.9055pt)
* \paperwidth=597.50787pt
* \paperheight=845.04684pt
* \textwidth=483.69687pt
* \textheight=731.23584pt
* \oddsidemargin=-15.36449pt
* \evensidemargin=-15.36449pt
* \topmargin=-47.23828pt
* \headheight=12.0pt
* \headsep=19.8738pt
* \topskip=12.0pt
* \footskip=30.0pt
* \marginparwidth=38.0pt
* \marginparsep=7.0pt
* \columnsep=10.0pt
* \skip\footins=10.8pt plus 4.0pt minus 2.0pt
* \hoffset=0.0pt
* \voffset=0.0pt
* \mag=1000
* \@twocolumnfalse
* \@twosidefalse
* \@mparswitchfalse
* \@reversemarginfalse
* (1in=72.27pt=25.4mm, 1cm=28.453pt)

LaTeX Font Info:    Try loading font information for OT1+lmr on input line 194.

(C:\Sand\miktex\tex\latex\lm\ot1lmr.fd
File: ot1lmr.fd 2009/10/30 v1.6 Font defs for Latin Modern
)
LaTeX Font Info:    Try loading font information for OML+lmm on input line 194.

 (C:\Sand\miktex\tex\latex\lm\omllmm.fd
File: omllmm.fd 2009/10/30 v1.6 Font defs for Latin Modern
)
LaTeX Font Info:    Try loading font information for OMS+lmsy on input line 194
.
(C:\Sand\miktex\tex\latex\lm\omslmsy.fd
File: omslmsy.fd 2009/10/30 v1.6 Font defs for Latin Modern
)
LaTeX Font Info:    Try loading font information for OMX+lmex on input line 194
.

(C:\Sand\miktex\tex\latex\lm\omxlmex.fd
File: omxlmex.fd 2009/10/30 v1.6 Font defs for Latin Modern
)
LaTeX Font Info:    External font `lmex10' loaded for size
(Font)              <12> on input line 194.
LaTeX Font Info:    External font `lmex10' loaded for size
(Font)              <8> on input line 194.
LaTeX Font Info:    External font `lmex10' loaded for size
(Font)              <6> on input line 194.
LaTeX Font Info:    Try loading font information for U+msa on input line 194.

(C:\Sand\miktex\tex\latex\amsfonts\umsa.fd
File: umsa.fd 2013/01/14 v3.01 AMS symbols A
)
LaTeX Font Info:    Try loading font information for U+msb on input line 194.

(C:\Sand\miktex\tex\latex\amsfonts\umsb.fd
File: umsb.fd 2013/01/14 v3.01 AMS symbols B
)
<figures/unamur.pdf, id=1, 130.32689pt x 170.3163pt>
File: figures/unamur.pdf Graphic file (type pdf)
 <use figures/unamur.pdf>
Package pdftex.def Info: figures/unamur.pdf used on input line 200.
(pdftex.def)             Requested size: 193.47578pt x 252.86719pt.

[1

{C:/Users/ABM589/AppData/Local/MiKTeX/2.9/pdftex/config/pdftex.map} <./figures/
unamur.pdf>]
LaTeX Font Info:    Try loading font information for T1+lmtt on input line 227.

 (C:\Sand\miktex\tex\latex\lm\t1lmtt.fd
File: t1lmtt.fd 2009/10/30 v1.6 Font defs for Latin Modern
) [1

] [2

] (Memoire.toc
[3

])
\tf@toc=\write5
\openout5 = `Memoire.toc'.

 [4] [5

]
Chapitre 1.
LaTeX Font Info:    Try loading font information for OT1+phv on input line 279.

(C:\Sand\miktex\tex\latex\psnfss\ot1phv.fd
File: ot1phv.fd 2001/06/04 scalable font definitions for OT1/phv.
)
LaTeX Font Info:    Try loading font information for OT1+ptm on input line 279.


(C:\Sand\miktex\tex\latex\psnfss\ot1ptm.fd
File: ot1ptm.fd 2001/06/04 font definitions for OT1/ptm.
) [1



]
LaTeX Font Info:    Try loading font information for OMS+lmr on input line 293.


(C:\Sand\miktex\tex\latex\lm\omslmr.fd
File: omslmr.fd 2009/10/30 v1.6 Font defs for Latin Modern
)
LaTeX Font Info:    Font shape `OMS/lmr/m/n' in size <12> not available
(Font)              Font shape `OMS/lmsy/m/n' tried instead on input line 293.
 [2] [3

]
Chapitre 2.
[4

] [5]
Overfull \hbox (16.21677pt too wide) in paragraph at lines 369--369
|\T1/lmr/m/sc/14.4 Pourquoi uti-li-ser une BDOG plu-tôt qu'une BD re-la-tion-ne
lle comme
 []

[6] [7]
Chapitre 3.
[8

] [9] (C:\Sand\miktex\tex\latex\listings\lstlang1.sty
File: lstlang1.sty 2015/06/04 1.6 listings language file
) [10]
Underfull \vbox (badness 10000) detected at line 557
 []

[11] [12]
Chapitre 4.
LaTeX Font Info:    External font `lmex10' loaded for size
(Font)              <10> on input line 584.
LaTeX Font Info:    External font `lmex10' loaded for size
(Font)              <7> on input line 584.
LaTeX Font Info:    External font `lmex10' loaded for size
(Font)              <5> on input line 584.
[13

] [14]
Underfull \hbox (badness 10000) in paragraph at lines 624--624
[][][]\T1/lmr/m/n/10 .[]$\T1/lmtt/m/n/10 http : / / www . journaldunet . com / 
solutions / pratique / dictionnaire-[]du-[]webmastering / outils /
 []

LaTeX Font Info:    Font shape `T1/lmtt/bx/n' in size <12> not available
(Font)              Font shape `T1/lmtt/b/n' tried instead on input line 640.
[15] [16] [17] [18

]
Chapitre 5.
[19

] <figures/HelocoP.png, id=109, 607.26875pt x 178.6675pt>
File: figures/HelocoP.png Graphic file (type png)

<use figures/HelocoP.png>
Package pdftex.def Info: figures/HelocoP.png used on input line 767.
(pdftex.def)             Requested size: 425.08524pt x 125.06639pt.

<figures/HelocoG.png, id=111, 507.8975pt x 241.90375pt>
File: figures/HelocoG.png Graphic file (type png)

<use figures/HelocoG.png>
Package pdftex.def Info: figures/HelocoG.png used on input line 774.
(pdftex.def)             Requested size: 406.31856pt x 193.52325pt.
 [20 <./figures/HelocoP.png>] [21 <./figures/HelocoG.png>] <figures/Persist.png
, id=120, 816.04875pt x 472.76625pt>
File: figures/Persist.png Graphic file (type png)

<use figures/Persist.png>
Package pdftex.def Info: figures/Persist.png used on input line 842.
(pdftex.def)             Requested size: 489.63304pt x 283.66193pt.

Overfull \hbox (5.93617pt too wide) in paragraph at lines 842--843
 [][] 
 []


LaTeX Warning: `!h' float specifier changed to `!ht'.

[22] [23 <./figures/Persist.png>] [24]
<figures/ecoleNeo4J.png, id=131, 532.389pt x 388.45125pt>
File: figures/ecoleNeo4J.png Graphic file (type png)

<use figures/ecoleNeo4J.png>
Package pdftex.def Info: figures/ecoleNeo4J.png used on input line 901.
(pdftex.def)             Requested size: 479.14568pt x 349.60287pt.
 [25 <./figures/ecoleNeo4J.png>]
<figures/Rel.png, id=136, 190.311pt x 64.44075pt>
File: figures/Rel.png Graphic file (type png)
 <use figures/Rel.png>
Package pdftex.def Info: figures/Rel.png used on input line 938.
(pdftex.def)             Requested size: 228.37202pt x 77.32849pt.

<figures/RelBidir.png, id=137, 271.0125pt x 72.87225pt>
File: figures/RelBidir.png Graphic file (type png)

<use figures/RelBidir.png>
Package pdftex.def Info: figures/RelBidir.png used on input line 953.
(pdftex.def)             Requested size: 325.21335pt x 87.44626pt.
 [26 <./figures/Rel.png> <./figures/RelBidir.png>]
[27] [28] <figures/query.png, id=147, 841.1425pt x 823.075pt>
File: figures/query.png Graphic file (type png)

<use figures/query.png>
Package pdftex.def Info: figures/query.png used on input line 1044.
(pdftex.def)             Requested size: 504.6894pt x 493.8488pt.

Overfull \hbox (20.99254pt too wide) in paragraph at lines 1044--1045
 [][] 
 []

[29 <./figures/query.png>] [30]
<figures/scriptBuilders.png, id=155, 163.812pt x 66.84975pt>
File: figures/scriptBuilders.png Graphic file (type png)

<use figures/scriptBuilders.png>
Package pdftex.def Info: figures/scriptBuilders.png used on input line 1089.
(pdftex.def)             Requested size: 245.71738pt x 100.27434pt.
 [31 <./figures/scriptBuilders.png>]
<figures/queryBuilders.png, id=160, 267.399pt x 79.497pt>
File: figures/queryBuilders.png Graphic file (type png)

<use figures/queryBuilders.png>
Package pdftex.def Info: figures/queryBuilders.png used on input line 1119.
(pdftex.def)             Requested size: 401.09752pt x 119.2452pt.
 [32 <./figures/queryBuilders.png>]
Chapitre 6.
[33

] [34] <figures/citiesRel.png, id=170, 178.266pt x 177.66376pt>
File: figures/citiesRel.png Graphic file (type png)

<use figures/citiesRel.png>
Package pdftex.def Info: figures/citiesRel.png used on input line 1219.
(pdftex.def)             Requested size: 142.61298pt x 142.13118pt.

<figures/citiesRelFilt.png, id=171, 235.47975pt x 64.44075pt>
File: figures/citiesRelFilt.png Graphic file (type png)

<use figures/citiesRelFilt.png>
Package pdftex.def Info: figures/citiesRelFilt.png used on input line 1236.
(pdftex.def)             Requested size: 188.38405pt x 51.55266pt.
 [35 <./figures/citiesRel.png>]
<figures/friendOf.png, id=175, 246.32025pt x 239.09325pt>
File: figures/friendOf.png Graphic file (type png)

<use figures/friendOf.png>
Package pdftex.def Info: figures/friendOf.png used on input line 1253.
(pdftex.def)             Requested size: 246.31964pt x 239.09265pt.

<figures/friendOfFilt.png, id=176, 151.16475pt x 146.949pt>
File: figures/friendOfFilt.png Graphic file (type png)

<use figures/friendOfFilt.png>
Package pdftex.def Info: figures/friendOfFilt.png used on input line 1270.
(pdftex.def)             Requested size: 151.16437pt x 146.94864pt.
 [36 <./figures/citiesRelFilt.png> <./figures/friendOf.png>] [37 <./figures/fri
endOfFilt.png>] [38]
<figures/QHF.png, id=187, 426.393pt x 227.04825pt>
File: figures/QHF.png Graphic file (type png)
 <use figures/QHF.png>
Package pdftex.def Info: figures/QHF.png used on input line 1343.
(pdftex.def)             Requested size: 426.39195pt x 227.04768pt.

<figures/QAge.png, id=188, 405.9165pt x 217.41225pt>
File: figures/QAge.png Graphic file (type png)
 <use figures/QAge.png>
Package pdftex.def Info: figures/QAge.png used on input line 1350.
(pdftex.def)             Requested size: 405.91551pt x 217.4117pt.

[39 <./figures/QHF.png> <./figures/QAge.png>]
<figures/QStatus.png, id=192, 464.33475pt x 222.8325pt>
File: figures/QStatus.png Graphic file (type png)

<use figures/QStatus.png>
Package pdftex.def Info: figures/QStatus.png used on input line 1361.
(pdftex.def)             Requested size: 464.3336pt x 222.83195pt.

<figures/QProf.png, id=193, 534.19576pt x 420.97275pt>
File: figures/QProf.png Graphic file (type png)
 <use figures/QProf.png>
Package pdftex.def Info: figures/QProf.png used on input line 1368.
(pdftex.def)             Requested size: 427.3572pt x 336.77864pt.

[40 <./figures/QStatus.png> <./figures/QProf.png>]
<figures/QExistFilt.png, id=197, 301.72725pt x 180.675pt>
File: figures/QExistFilt.png Graphic file (type png)

<use figures/QExistFilt.png>
Package pdftex.def Info: figures/QExistFilt.png used on input line 1379.
(pdftex.def)             Requested size: 301.7265pt x 180.67455pt.

<figures/QIntFilt.png, id=198, 496.85625pt x 230.66174pt>
File: figures/QIntFilt.png Graphic file (type png)

<use figures/QIntFilt.png>
Package pdftex.def Info: figures/QIntFilt.png used on input line 1386.
(pdftex.def)             Requested size: 397.48553pt x 184.52963pt.
 [41 <./figures/QExistFilt.png> <./figures/QIntFilt.png>] <figures/QNbFilt.png,
 id=202, 526.96875pt x 241.50224pt>
File: figures/QNbFilt.png Graphic file (type png)

<use figures/QNbFilt.png>
Package pdftex.def Info: figures/QNbFilt.png used on input line 1397.
(pdftex.def)             Requested size: 421.57556pt x 193.20204pt.

<figures/QTravFilt.png, id=203, 327.624pt x 202.95825pt>
File: figures/QTravFilt.png Graphic file (type png)

<use figures/QTravFilt.png>
Package pdftex.def Info: figures/QTravFilt.png used on input line 1404.
(pdftex.def)             Requested size: 262.09953pt x 162.3668pt.
 [42 <./figures/QNbFilt.png> <./figures/QTravFilt.png>] <figures/QLibJavaFilt.p
ng, id=207, 398.08725pt x 246.32025pt>
File: figures/QLibJavaFilt.png Graphic file (type png)

<use figures/QLibJavaFilt.png>
Package pdftex.def Info: figures/QLibJavaFilt.png used on input line 1415.
(pdftex.def)             Requested size: 398.08627pt x 246.31964pt.

<figures/QFrameworkIntFilt.png, id=208, 586.5915pt x 331.2375pt>
File: figures/QFrameworkIntFilt.png Graphic file (type png)

<use figures/QFrameworkIntFilt.png>
Package pdftex.def Info: figures/QFrameworkIntFilt.png used on input line 1422.

(pdftex.def)             Requested size: 469.27383pt x 264.99034pt.
 [43 <./figures/QLibJavaFilt.png> <./figures/QFrameworkIntFilt.png>]
<figures/QAbanFilt.png, id=213, 584.1825pt x 325.215pt>
File: figures/QAbanFilt.png Graphic file (type png)

<use figures/QAbanFilt.png>
Package pdftex.def Info: figures/QAbanFilt.png used on input line 1433.
(pdftex.def)             Requested size: 467.34662pt x 260.17235pt.
 [44 <./figures/QAbanFilt.png>]
<figures/Snippet1.png, id=217, 466.1415pt x 153.57375pt>
File: figures/Snippet1.png Graphic file (type png)

<use figures/Snippet1.png>
Package pdftex.def Info: figures/Snippet1.png used on input line 1451.
(pdftex.def)             Requested size: 419.52347pt x 138.21509pt.

<figures/Snippet2.png, id=218, 463.7325pt x 232.4685pt>
File: figures/Snippet2.png Graphic file (type png)

<use figures/Snippet2.png>
Package pdftex.def Info: figures/Snippet2.png used on input line 1458.
(pdftex.def)             Requested size: 417.35538pt x 209.21971pt.
 [45 <./figures/Snippet1.png> <./figures/Snippet2.png>] <figures/Snippet3.png, 
id=222, 492.03825pt x 190.311pt>
File: figures/Snippet3.png Graphic file (type png)

<use figures/Snippet3.png>
Package pdftex.def Info: figures/Snippet3.png used on input line 1469.
(pdftex.def)             Requested size: 442.83034pt x 171.27829pt.

<figures/Snippet4.png, id=223, 476.37975pt x 211.38976pt>
File: figures/Snippet4.png Graphic file (type png)

<use figures/Snippet4.png>
Package pdftex.def Info: figures/Snippet4.png used on input line 1476.
(pdftex.def)             Requested size: 428.7378pt x 190.24901pt.
 [46 <./figures/Snippet3.png> <./figures/Snippet4.png>]
Chapitre 7.
[47

] [48]
Chapitre 8.
[49

] [50] [51] (Memoire.bbl [52] [53

]
Underfull \hbox (badness 1314) in paragraph at lines 143--147
[]\T1/lmr/m/n/12 Mohamed Tar-roumi.  Nosql (not only sql).  $\T1/lmtt/m/n/12 ht
tps : / / prezi . com / 4flswlgipwbo /
 []


Underfull \hbox (badness 10000) in paragraph at lines 149--152
[]\T1/lmr/m/n/12 OrientDB Team.  Orientdb - get-ting star-ted.  $\T1/lmtt/m/n/1
2 https : / / www . udemy . com /
 []


Underfull \hbox (badness 1019) in paragraph at lines 162--168
[]\T1/lmr/m/n/12 Directeur France et Eu-rope du Sud de Mon-goDB Yann Au-bry.  P
our-quoi nosql
 []

) [54] [55

] <figures/SchoolDiag.png, id=256, 811.833pt x 255.95625pt>
File: figures/SchoolDiag.png Graphic file (type png)

<use figures/SchoolDiag.png>
Package pdftex.def Info: figures/SchoolDiag.png used on input line 1701.
(pdftex.def)             Requested size: 811.83101pt x 255.95561pt.
 [56 <./figures/SchoolDiag.png>] [57] [58]
LaTeX Font Info:    Font shape `OMS/lmr/m/n' in size <8> not available
(Font)              Font shape `OMS/lmsy/m/n' tried instead on input line 1772.


<figures/1.png, id=266, 407.72325pt x 218.61674pt>
File: figures/1.png Graphic file (type png)
 <use figures/1.png>
Package pdftex.def Info: figures/1.png used on input line 1776.
(pdftex.def)             Requested size: 217.66211pt x 116.70694pt.

<figures/2.png, id=267, 407.121pt x 222.8325pt>
File: figures/2.png Graphic file (type png)
 <use figures/2.png>
Package pdftex.def Info: figures/2.png used on input line 1777.
(pdftex.def)             Requested size: 217.66211pt x 119.13431pt.

<figures/3.png, id=268, 463.7325pt x 223.43475pt>
File: figures/3.png Graphic file (type png)
 <use figures/3.png>
Package pdftex.def Info: figures/3.png used on input line 1781.
(pdftex.def)             Requested size: 217.66211pt x 104.87456pt.

<figures/4.png, id=269, 534.798pt x 413.1435pt>
File: figures/4.png Graphic file (type png)
 <use figures/4.png>
Package pdftex.def Info: figures/4.png used on input line 1782.
(pdftex.def)             Requested size: 217.66211pt x 168.14803pt.

<figures/5.png, id=270, 380.01974pt x 212.59425pt>
File: figures/5.png Graphic file (type png)
 <use figures/5.png>
Package pdftex.def Info: figures/5.png used on input line 1786.
(pdftex.def)             Requested size: 217.66211pt x 121.76712pt.

<figures/6.png, id=271, 517.33275pt x 228.25275pt>
File: figures/6.png Graphic file (type png)
 <use figures/6.png>
Package pdftex.def Info: figures/6.png used on input line 1787.
(pdftex.def)             Requested size: 217.66211pt x 96.03267pt.

<figures/7.png, id=272, 541.42274pt x 231.86626pt>
File: figures/7.png Graphic file (type png)
 <use figures/7.png>
Package pdftex.def Info: figures/7.png used on input line 1791.
(pdftex.def)             Requested size: 217.66211pt x 93.2154pt.

<figures/8.png, id=273, 371.58826pt x 211.992pt>
File: figures/8.png Graphic file (type png)
 <use figures/8.png>
Package pdftex.def Info: figures/8.png used on input line 1792.
(pdftex.def)             Requested size: 217.66211pt x 124.17816pt.

<figures/9.png, id=274, 496.254pt x 234.27525pt>
File: figures/9.png Graphic file (type png)
 <use figures/9.png>
Package pdftex.def Info: figures/9.png used on input line 1796.
(pdftex.def)             Requested size: 217.66211pt x 102.75255pt.

<figures/10.png, id=275, 376.40625pt x 220.4235pt>
File: figures/10.png Graphic file (type png)
 <use figures/10.png>
Package pdftex.def Info: figures/10.png used on input line 1797.
(pdftex.def)             Requested size: 217.66211pt x 127.46564pt.

<figures/11.png, id=276, 495.65175pt x 234.8775pt>
File: figures/11.png Graphic file (type png)
 <use figures/11.png>
Package pdftex.def Info: figures/11.png used on input line 1801.
(pdftex.def)             Requested size: 217.66211pt x 103.1457pt.

<figures/12.png, id=277, 529.98pt x 239.09325pt>
File: figures/12.png Graphic file (type png)
 <use figures/12.png>
Package pdftex.def Info: figures/12.png used on input line 1802.
(pdftex.def)             Requested size: 217.66211pt x 98.19667pt.
 [59 <./figures/1.png> <./figures/2.png> <./figures/3.png> <./figures/4.png> <.
/figures/5.png> <./figures/6.png>] [60 <./figures/7.png> <./figures/8.png> <./f
igures/9.png> <./figures/10.png> <./figures/11.png> <./figures/12.png>] [61

] (Memoire.aux) ) 
Here is how much of TeX's memory you used:
 12630 strings out of 493333
 184831 string characters out of 3144820
 396349 words of memory out of 3000000
 15820 multiletter control sequences out of 15000+200000
 87810 words of font info for 73 fonts, out of 3000000 for 9000
 1141 hyphenation exceptions out of 8191
 41i,13n,46p,893b,1722s stack positions out of 5000i,500n,10000p,200000b,50000s
{C:/Sand/miktex/fonts/enc/dvips/lm/lm-mathsy.enc}{C:/Sand/mikt
ex/fonts/enc/dvips/lm/lm-ec.enc}{C:/Sand/miktex/fonts/enc/dvips/base/8r.enc}<C:
/Sand/miktex/fonts/type1/public/amsfonts/latxfont/line10.pfb><C:/Sand/miktex/fo
nts/type1/public/lm/lmbx10.pfb><C:/Sand/miktex/fonts/type1/public/lm/lmbx12.pfb
><C:/Sand/miktex/fonts/type1/public/lm/lmcsc10.pfb><C:/Sand/miktex/fonts/type1/
public/lm/lmr10.pfb><C:/Sand/miktex/fonts/type1/public/lm/lmr12.pfb><C:/Sand/mi
ktex/fonts/type1/public/lm/lmr17.pfb><C:/Sand/miktex/fonts/type1/public/lm/lmr6
.pfb><C:/Sand/miktex/fonts/type1/public/lm/lmr8.pfb><C:/Sand/miktex/fonts/type1
/public/lm/lmri12.pfb><C:/Sand/miktex/fonts/type1/public/lm/lmsy10.pfb><C:/Sand
/miktex/fonts/type1/public/lm/lmsy8.pfb><C:/Sand/miktex/fonts/type1/public/lm/l
mtk10.pfb><C:/Sand/miktex/fonts/type1/public/lm/lmtt10.pfb><C:/Sand/miktex/font
s/type1/public/lm/lmtt12.pfb><C:/Sand/miktex/fonts/type1/public/amsfonts/symbol
s/msam10.pfb><C:/Sand/miktex/fonts/type1/urw/helvetic/uhvr8a.pfb><C:/Sand/mikte
x/fonts/type1/urw/times/utmr8a.pfb>
Output written on Memoire.pdf (67 pages, 1743736 bytes).
PDF statistics:
 350 PDF objects out of 1000 (max. 8388607)
 0 named destinations out of 1000 (max. 500000)
 211 words of extra memory for PDF output out of 10000 (max. 10000000)

